2023-06-29T23:39:36.300+0530 [INFO]  Terraform version: 1.3.4
2023-06-29T23:39:36.301+0530 [INFO]  Go runtime version: go1.19.3
2023-06-29T23:39:36.301+0530 [INFO]  CLI args: []string{"C:\\terraform\\terraform.exe", "plan"}
2023-06-29T23:39:36.309+0530 [INFO]  Loading CLI configuration from C:\Users\vseranki\AppData\Roaming\terraform.rc
2023-06-29T23:39:36.309+0530 [INFO]  Loading CLI configuration from C:\Users\vseranki\AppData\Roaming\terraform.d\credentials.tfrc.json
2023-06-29T23:39:36.312+0530 [INFO]  CLI command args: []string{"plan"}
2023-06-29T23:39:36.321+0530 [INFO]  backend/local: starting Plan operation
2023-06-29T23:39:39.079+0530 [INFO]  provider: configuring client automatic mTLS
2023-06-29T23:39:39.817+0530 [INFO]  provider.terraform-provider-helloworld.exe: configuring server automatic mTLS: timestamp=2023-06-29T23:39:39.815+0530
2023-06-29T23:39:40.589+0530 [INFO]  provider: configuring client automatic mTLS
2023-06-29T23:39:40.861+0530 [INFO]  provider.terraform-provider-helloworld.exe: configuring server automatic mTLS: timestamp=2023-06-29T23:39:40.859+0530
2023-06-29T23:39:40.899+0530 [INFO]  backend/local: plan calling Plan
2023-06-29T23:39:40.900+0530 [INFO]  provider: configuring client automatic mTLS
2023-06-29T23:39:41.272+0530 [INFO]  provider.terraform-provider-helloworld.exe: configuring server automatic mTLS: timestamp=2023-06-29T23:39:41.270+0530
2023-06-29T23:39:41.318+0530 [INFO]  backend/local: plan operation completed
2023-06-29T23:40:04.712+0530 [INFO]  Terraform version: 1.3.4
2023-06-29T23:40:04.713+0530 [INFO]  Go runtime version: go1.19.3
2023-06-29T23:40:04.713+0530 [INFO]  CLI args: []string{"C:\\terraform\\terraform.exe", "apply", "--auto-approve"}
2023-06-29T23:40:04.720+0530 [INFO]  Loading CLI configuration from C:\Users\vseranki\AppData\Roaming\terraform.rc
2023-06-29T23:40:04.720+0530 [INFO]  Loading CLI configuration from C:\Users\vseranki\AppData\Roaming\terraform.d\credentials.tfrc.json
2023-06-29T23:40:04.722+0530 [INFO]  CLI command args: []string{"apply", "--auto-approve"}
2023-06-29T23:40:04.728+0530 [INFO]  backend/local: starting Apply operation
2023-06-29T23:40:04.747+0530 [INFO]  provider: configuring client automatic mTLS
2023-06-29T23:40:05.101+0530 [INFO]  provider.terraform-provider-helloworld.exe: configuring server automatic mTLS: timestamp=2023-06-29T23:40:05.100+0530
2023-06-29T23:40:06.048+0530 [INFO]  provider: configuring client automatic mTLS
2023-06-29T23:40:06.506+0530 [INFO]  provider.terraform-provider-helloworld.exe: configuring server automatic mTLS: timestamp=2023-06-29T23:40:06.504+0530
2023-06-29T23:40:06.558+0530 [INFO]  backend/local: apply calling Plan
2023-06-29T23:40:06.560+0530 [INFO]  provider: configuring client automatic mTLS
2023-06-29T23:40:07.017+0530 [INFO]  provider.terraform-provider-helloworld.exe: configuring server automatic mTLS: timestamp=2023-06-29T23:40:07.015+0530
2023-06-29T23:40:07.057+0530 [INFO]  backend/local: apply calling Apply
2023-06-29T23:40:07.058+0530 [INFO]  provider: configuring client automatic mTLS
2023-06-29T23:40:07.523+0530 [INFO]  provider.terraform-provider-helloworld.exe: configuring server automatic mTLS: timestamp=2023-06-29T23:40:07.520+0530
2023-06-29T23:40:07.555+0530 [INFO]  Starting apply for helloworld_say_hello.name
2023-06-29T23:40:07.555+0530 [INFO]  provider.terraform-provider-helloworld.exe: >>>>>>>>>>>>>>>>>>>NAME: Vasista: tf_provider_addr=app.terraform.io/Hexagon-PPM/helloworld @module=helloworld tf_req_id=b01bd983-f7ee-bda6-7148-36ec87dbc13e tf_resource_type=helloworld_say_hello tf_rpc=ApplyResourceChange @caller=C:/Users/vseranki/Desktop/TestProvider/sayhello/SayHelloResource.go:48 timestamp=2023-06-29T23:40:07.555+0530
2023-06-29T23:40:13.177+0530 [INFO]  Terraform version: 1.3.4
2023-06-29T23:40:13.178+0530 [INFO]  Go runtime version: go1.19.3
2023-06-29T23:40:13.178+0530 [INFO]  CLI args: []string{"C:\\terraform\\terraform.exe", "apply", "--auto-approve"}
2023-06-29T23:40:13.184+0530 [INFO]  Loading CLI configuration from C:\Users\vseranki\AppData\Roaming\terraform.rc
2023-06-29T23:40:13.184+0530 [INFO]  Loading CLI configuration from C:\Users\vseranki\AppData\Roaming\terraform.d\credentials.tfrc.json
2023-06-29T23:40:13.186+0530 [INFO]  CLI command args: []string{"apply", "--auto-approve"}
2023-06-29T23:40:13.192+0530 [INFO]  backend/local: starting Apply operation
2023-06-29T23:40:13.212+0530 [INFO]  provider: configuring client automatic mTLS
2023-06-29T23:40:13.574+0530 [INFO]  provider.terraform-provider-helloworld.exe: configuring server automatic mTLS: timestamp=2023-06-29T23:40:13.572+0530
2023-06-29T23:40:14.422+0530 [INFO]  provider: configuring client automatic mTLS
2023-06-29T23:40:14.860+0530 [INFO]  provider.terraform-provider-helloworld.exe: configuring server automatic mTLS: timestamp=2023-06-29T23:40:14.857+0530
2023-06-29T23:40:14.900+0530 [INFO]  backend/local: apply calling Plan
2023-06-29T23:40:14.902+0530 [INFO]  provider: configuring client automatic mTLS
2023-06-29T23:40:15.290+0530 [INFO]  provider.terraform-provider-helloworld.exe: configuring server automatic mTLS: timestamp=2023-06-29T23:40:15.288+0530
2023-06-29T23:40:15.320+0530 [INFO]  provider.terraform-provider-helloworld.exe: >>>>>>>>>>>>>>>>>>> [READ] NAME: Vasista: @caller=C:/Users/vseranki/Desktop/TestProvider/sayhello/SayHelloResource.go:60 @module=helloworld tf_provider_addr=app.terraform.io/Hexagon-PPM/helloworld tf_rpc=ReadResource tf_req_id=4d009c29-3de5-32fb-bc39-856cae209770 tf_resource_type=helloworld_say_hello timestamp=2023-06-29T23:40:15.319+0530
2023-06-29T23:40:15.320+0530 [WARN]  Provider "app.terraform.io/hexagon-ppm/helloworld" produced an unexpected new value for helloworld_say_hello.name during refresh.
      - .name: was cty.StringVal("Vasista"), but now cty.StringVal("")
2023-06-29T23:40:15.339+0530 [INFO]  backend/local: apply calling Apply
2023-06-29T23:40:15.340+0530 [INFO]  provider: configuring client automatic mTLS
2023-06-29T23:40:15.715+0530 [INFO]  provider.terraform-provider-helloworld.exe: configuring server automatic mTLS: timestamp=2023-06-29T23:40:15.714+0530
2023-06-29T23:40:15.746+0530 [INFO]  Starting apply for helloworld_say_hello.name
2023-06-29T23:41:07.648+0530 [INFO]  Terraform version: 1.3.4
2023-06-29T23:41:07.649+0530 [INFO]  Go runtime version: go1.19.3
2023-06-29T23:41:07.649+0530 [INFO]  CLI args: []string{"C:\\terraform\\terraform.exe", "plan"}
2023-06-29T23:41:07.656+0530 [INFO]  Loading CLI configuration from C:\Users\vseranki\AppData\Roaming\terraform.rc
2023-06-29T23:41:07.657+0530 [INFO]  Loading CLI configuration from C:\Users\vseranki\AppData\Roaming\terraform.d\credentials.tfrc.json
2023-06-29T23:41:07.658+0530 [INFO]  CLI command args: []string{"plan"}
2023-06-29T23:41:07.663+0530 [INFO]  backend/local: starting Plan operation
2023-06-29T23:41:10.390+0530 [INFO]  provider: configuring client automatic mTLS
2023-06-29T23:41:10.800+0530 [INFO]  provider.terraform-provider-helloworld.exe: configuring server automatic mTLS: timestamp=2023-06-29T23:41:10.797+0530
2023-06-29T23:41:11.691+0530 [INFO]  provider: configuring client automatic mTLS
2023-06-29T23:41:12.065+0530 [INFO]  provider.terraform-provider-helloworld.exe: configuring server automatic mTLS: timestamp=2023-06-29T23:41:12.064+0530
2023-06-29T23:41:12.109+0530 [INFO]  backend/local: plan calling Plan
2023-06-29T23:41:12.111+0530 [INFO]  provider: configuring client automatic mTLS
2023-06-29T23:41:12.465+0530 [INFO]  provider.terraform-provider-helloworld.exe: configuring server automatic mTLS: timestamp=2023-06-29T23:41:12.463+0530
2023-06-29T23:41:12.495+0530 [INFO]  provider.terraform-provider-helloworld.exe: >>>>>>>>>>>>>>>>>>> [READ] NAME: Vasista: tf_req_id=4fa9b5d4-8c8c-7e19-2684-e3dd60cad695 tf_provider_addr=app.terraform.io/Hexagon-PPM/helloworld @module=helloworld tf_resource_type=helloworld_say_hello tf_rpc=ReadResource @caller=C:/Users/vseranki/Desktop/TestProvider/sayhello/SayHelloResource.go:60 timestamp=2023-06-29T23:41:12.495+0530
2023-06-29T23:41:12.495+0530 [WARN]  Provider "app.terraform.io/hexagon-ppm/helloworld" produced an unexpected new value for helloworld_say_hello.name during refresh.
      - .name: was cty.StringVal("Vasista"), but now cty.StringVal("")
2023-06-29T23:41:12.515+0530 [INFO]  backend/local: plan operation completed
2023-06-29T23:49:38.814+0530 [INFO]  Terraform version: 1.3.4
2023-06-29T23:49:38.815+0530 [INFO]  Go runtime version: go1.19.3
2023-06-29T23:49:38.815+0530 [INFO]  CLI args: []string{"C:\\terraform\\terraform.exe", "plan"}
2023-06-29T23:49:38.823+0530 [INFO]  Loading CLI configuration from C:\Users\vseranki\AppData\Roaming\terraform.rc
2023-06-29T23:49:38.824+0530 [INFO]  Loading CLI configuration from C:\Users\vseranki\AppData\Roaming\terraform.d\credentials.tfrc.json
2023-06-29T23:49:38.826+0530 [INFO]  CLI command args: []string{"plan"}
2023-06-29T23:49:38.834+0530 [INFO]  backend/local: starting Plan operation
2023-06-29T23:49:41.602+0530 [INFO]  provider: configuring client automatic mTLS
2023-06-29T23:49:42.591+0530 [INFO]  provider.terraform-provider-helloworld.exe: configuring server automatic mTLS: timestamp=2023-06-29T23:49:42.589+0530
2023-06-29T23:49:43.632+0530 [INFO]  provider: configuring client automatic mTLS
2023-06-29T23:49:44.094+0530 [INFO]  provider.terraform-provider-helloworld.exe: configuring server automatic mTLS: timestamp=2023-06-29T23:49:44.092+0530
2023-06-29T23:49:44.144+0530 [INFO]  backend/local: plan calling Plan
2023-06-29T23:49:44.148+0530 [INFO]  provider: configuring client automatic mTLS
2023-06-29T23:49:44.529+0530 [INFO]  provider.terraform-provider-helloworld.exe: configuring server automatic mTLS: timestamp=2023-06-29T23:49:44.527+0530
2023-06-29T23:49:44.582+0530 [INFO]  backend/local: plan operation completed
2023-06-29T23:49:47.164+0530 [INFO]  Terraform version: 1.3.4
2023-06-29T23:49:47.165+0530 [INFO]  Go runtime version: go1.19.3
2023-06-29T23:49:47.165+0530 [INFO]  CLI args: []string{"C:\\terraform\\terraform.exe", "apply", "--auto-approve"}
2023-06-29T23:49:47.171+0530 [INFO]  Loading CLI configuration from C:\Users\vseranki\AppData\Roaming\terraform.rc
2023-06-29T23:49:47.172+0530 [INFO]  Loading CLI configuration from C:\Users\vseranki\AppData\Roaming\terraform.d\credentials.tfrc.json
2023-06-29T23:49:47.173+0530 [INFO]  CLI command args: []string{"apply", "--auto-approve"}
2023-06-29T23:49:47.177+0530 [INFO]  backend/local: starting Apply operation
2023-06-29T23:49:47.194+0530 [INFO]  provider: configuring client automatic mTLS
2023-06-29T23:49:47.503+0530 [INFO]  provider.terraform-provider-helloworld.exe: configuring server automatic mTLS: timestamp=2023-06-29T23:49:47.501+0530
2023-06-29T23:49:48.184+0530 [INFO]  provider: configuring client automatic mTLS
2023-06-29T23:49:48.498+0530 [INFO]  provider.terraform-provider-helloworld.exe: configuring server automatic mTLS: timestamp=2023-06-29T23:49:48.495+0530
2023-06-29T23:49:48.540+0530 [INFO]  backend/local: apply calling Plan
2023-06-29T23:49:48.542+0530 [INFO]  provider: configuring client automatic mTLS
2023-06-29T23:49:48.858+0530 [INFO]  provider.terraform-provider-helloworld.exe: configuring server automatic mTLS: timestamp=2023-06-29T23:49:48.856+0530
2023-06-29T23:49:48.898+0530 [INFO]  backend/local: apply calling Apply
2023-06-29T23:49:48.899+0530 [INFO]  provider: configuring client automatic mTLS
2023-06-29T23:49:49.200+0530 [INFO]  provider.terraform-provider-helloworld.exe: configuring server automatic mTLS: timestamp=2023-06-29T23:49:49.198+0530
2023-06-29T23:49:49.228+0530 [INFO]  Starting apply for helloworld_say_hello.name
2023-06-29T23:49:49.229+0530 [INFO]  provider.terraform-provider-helloworld.exe: >>>>>>>>>>>>>>>>>>>NAME: Vasista: tf_resource_type=helloworld_say_hello tf_rpc=ApplyResourceChange @module=helloworld tf_provider_addr=app.terraform.io/Hexagon-PPM/helloworld tf_req_id=31da64a6-f12d-ec53-6380-a1d5d70e8901 @caller=C:/Users/vseranki/Desktop/TestProvider/sayhello/SayHelloResource.go:48 timestamp=2023-06-29T23:49:49.229+0530
2023-06-29T23:49:51.298+0530 [INFO]  Terraform version: 1.3.4
2023-06-29T23:49:51.299+0530 [INFO]  Go runtime version: go1.19.3
2023-06-29T23:49:51.300+0530 [INFO]  CLI args: []string{"C:\\terraform\\terraform.exe", "apply", "--auto-approve"}
2023-06-29T23:49:51.305+0530 [INFO]  Loading CLI configuration from C:\Users\vseranki\AppData\Roaming\terraform.rc
2023-06-29T23:49:51.305+0530 [INFO]  Loading CLI configuration from C:\Users\vseranki\AppData\Roaming\terraform.d\credentials.tfrc.json
2023-06-29T23:49:51.307+0530 [INFO]  CLI command args: []string{"apply", "--auto-approve"}
2023-06-29T23:49:51.313+0530 [INFO]  backend/local: starting Apply operation
2023-06-29T23:49:51.330+0530 [INFO]  provider: configuring client automatic mTLS
2023-06-29T23:49:51.638+0530 [INFO]  provider.terraform-provider-helloworld.exe: configuring server automatic mTLS: timestamp=2023-06-29T23:49:51.636+0530
2023-06-29T23:49:52.361+0530 [INFO]  provider: configuring client automatic mTLS
2023-06-29T23:49:52.656+0530 [INFO]  provider.terraform-provider-helloworld.exe: configuring server automatic mTLS: timestamp=2023-06-29T23:49:52.653+0530
2023-06-29T23:49:52.701+0530 [INFO]  backend/local: apply calling Plan
2023-06-29T23:49:52.703+0530 [INFO]  provider: configuring client automatic mTLS
2023-06-29T23:49:53.013+0530 [INFO]  provider.terraform-provider-helloworld.exe: configuring server automatic mTLS: timestamp=2023-06-29T23:49:53.011+0530
2023-06-29T23:49:53.043+0530 [INFO]  provider.terraform-provider-helloworld.exe: >>>>>>>>>>>>>>>>>>> [READ] NAME: Vasista: @module=helloworld tf_rpc=ReadResource @caller=C:/Users/vseranki/Desktop/TestProvider/sayhello/SayHelloResource.go:60 tf_provider_addr=app.terraform.io/Hexagon-PPM/helloworld tf_req_id=f65fcca7-6e8a-9cde-bbbf-812f5e73276f tf_resource_type=helloworld_say_hello timestamp=2023-06-29T23:49:53.043+0530
2023-06-29T23:49:53.058+0530 [INFO]  backend/local: apply calling Apply
